[35m[1mScanning dependencies of target franka_gripper_generate_messages_py[0m
[35m[1mScanning dependencies of target _franka_example_controllers_generate_messages_check_deps_JointTorqueComparison[0m
[35m[1mScanning dependencies of target tf2_msgs_generate_messages_lisp[0m
[35m[1mScanning dependencies of target tf2_msgs_generate_messages_nodejs[0m
[  0%] Built target franka_gripper_generate_messages_py
[  0%] Built target tf2_msgs_generate_messages_lisp
[  0%] Built target tf2_msgs_generate_messages_nodejs
[35m[1mScanning dependencies of target tf_generate_messages_nodejs[0m
[35m[1mScanning dependencies of target tf_generate_messages_lisp[0m
[35m[1mScanning dependencies of target tf2_msgs_generate_messages_eus[0m
[  0%] Built target tf_generate_messages_lisp
[  0%] Built target tf_generate_messages_nodejs
[  0%] Built target tf2_msgs_generate_messages_eus
[35m[1mScanning dependencies of target sensor_msgs_generate_messages_py[0m
[35m[1mScanning dependencies of target sensor_msgs_generate_messages_nodejs[0m
[  0%] Built target sensor_msgs_generate_messages_py
[35m[1mScanning dependencies of target sensor_msgs_generate_messages_cpp[0m
[  0%] Built target sensor_msgs_generate_messages_nodejs
[  0%] Built target _franka_example_controllers_generate_messages_check_deps_JointTorqueComparison
[35m[1mScanning dependencies of target trajectory_msgs_generate_messages_nodejs[0m
[35m[1mScanning dependencies of target trajectory_msgs_generate_messages_lisp[0m
[  0%] Built target sensor_msgs_generate_messages_cpp
[35m[1mScanning dependencies of target trajectory_msgs_generate_messages_cpp[0m
[  0%] Built target trajectory_msgs_generate_messages_nodejs
[  0%] Built target trajectory_msgs_generate_messages_lisp
[  0%] Built target trajectory_msgs_generate_messages_cpp
[35m[1mScanning dependencies of target control_msgs_generate_messages_py[0m
[35m[1mScanning dependencies of target geometry_msgs_generate_messages_eus[0m
[35m[1mScanning dependencies of target std_msgs_generate_messages_nodejs[0m
[  0%] Built target control_msgs_generate_messages_py
[35m[1mScanning dependencies of target dynamic_reconfigure_gencfg[0m
[  0%] Built target std_msgs_generate_messages_nodejs
[  0%] Built target geometry_msgs_generate_messages_eus
[35m[1mScanning dependencies of target std_msgs_generate_messages_lisp[0m
[  0%] Built target dynamic_reconfigure_gencfg
[35m[1mScanning dependencies of target tf2_msgs_generate_messages_py[0m
[35m[1mScanning dependencies of target dynamic_reconfigure_generate_messages_nodejs[0m
[  0%] Built target std_msgs_generate_messages_lisp
[35m[1mScanning dependencies of target tf2_msgs_generate_messages_cpp[0m
[  0%] Built target dynamic_reconfigure_generate_messages_nodejs
[  0%] Built target tf2_msgs_generate_messages_py
[35m[1mScanning dependencies of target dynamic_reconfigure_generate_messages_lisp[0m
[  0%] Built target tf2_msgs_generate_messages_cpp
[35m[1mScanning dependencies of target std_srvs_generate_messages_lisp[0m
[  0%] Built target dynamic_reconfigure_generate_messages_lisp
[35m[1mScanning dependencies of target std_msgs_generate_messages_py[0m
[35m[1mScanning dependencies of target std_msgs_generate_messages_cpp[0m
[35m[1mScanning dependencies of target rosgraph_msgs_generate_messages_nodejs[0m
[  0%] Built target std_srvs_generate_messages_lisp
[  0%] Built target std_msgs_generate_messages_py
[  0%] Built target std_msgs_generate_messages_cpp
[  0%] Built target rosgraph_msgs_generate_messages_nodejs
[35m[1mScanning dependencies of target actionlib_msgs_generate_messages_py[0m
[35m[1mScanning dependencies of target actionlib_generate_messages_cpp[0m
[35m[1mScanning dependencies of target roscpp_generate_messages_lisp[0m
[35m[1mScanning dependencies of target actionlib_generate_messages_lisp[0m
[  0%] Built target actionlib_generate_messages_cpp
[  0%] Built target actionlib_msgs_generate_messages_py
[  0%] Built target roscpp_generate_messages_lisp
[  0%] Built target actionlib_generate_messages_lisp
[35m[1mScanning dependencies of target std_srvs_generate_messages_cpp[0m
[35m[1mScanning dependencies of target std_srvs_generate_messages_nodejs[0m
[35m[1mScanning dependencies of target franka_gripper_generate_messages_lisp[0m
[  0%] Built target std_srvs_generate_messages_cpp
[  0%] Built target std_srvs_generate_messages_nodejs
[35m[1mScanning dependencies of target tf_generate_messages_eus[0m
[  0%] Built target franka_gripper_generate_messages_lisp
[35m[1mScanning dependencies of target rosgraph_msgs_generate_messages_lisp[0m
[  0%] Built target tf_generate_messages_eus
[35m[1mScanning dependencies of target control_msgs_generate_messages_nodejs[0m
[35m[1mScanning dependencies of target dynamic_reconfigure_generate_messages_py[0m
[  0%] Built target rosgraph_msgs_generate_messages_lisp
[35m[1mScanning dependencies of target actionlib_msgs_generate_messages_eus[0m
[  0%] Built target control_msgs_generate_messages_nodejs
[  0%] Built target actionlib_msgs_generate_messages_eus
[35m[1mScanning dependencies of target rosgraph_msgs_generate_messages_py[0m
[  0%] Built target dynamic_reconfigure_generate_messages_py
[35m[1mScanning dependencies of target trajectory_msgs_generate_messages_eus[0m
[  0%] Built target trajectory_msgs_generate_messages_eus
[35m[1mScanning dependencies of target roscpp_generate_messages_py[0m
[  0%] Built target rosgraph_msgs_generate_messages_py
[35m[1mScanning dependencies of target roscpp_generate_messages_cpp[0m
[35m[1mScanning dependencies of target roscpp_generate_messages_eus[0m
[  0%] Built target roscpp_generate_messages_py
[35m[1mScanning dependencies of target geometry_msgs_generate_messages_cpp[0m
[  0%] Built target roscpp_generate_messages_cpp
[  0%] Built target roscpp_generate_messages_eus
[35m[1mScanning dependencies of target franka_msgs_generate_messages_eus[0m
[  0%] Built target geometry_msgs_generate_messages_cpp
[35m[1mScanning dependencies of target dynamic_reconfigure_generate_messages_cpp[0m
[35m[1mScanning dependencies of target geometry_msgs_generate_messages_lisp[0m
[  0%] Built target franka_msgs_generate_messages_eus
[35m[1mScanning dependencies of target std_srvs_generate_messages_py[0m
[  0%] Built target dynamic_reconfigure_generate_messages_cpp
[  0%] Built target geometry_msgs_generate_messages_lisp
[35m[1mScanning dependencies of target rosgraph_msgs_generate_messages_eus[0m
[  0%] Built target std_srvs_generate_messages_py
[  0%] Built target rosgraph_msgs_generate_messages_eus
[35m[1mScanning dependencies of target sensor_msgs_generate_messages_lisp[0m
[35m[1mScanning dependencies of target sensor_msgs_generate_messages_eus[0m
[35m[1mScanning dependencies of target control_msgs_generate_messages_lisp[0m
[35m[1mScanning dependencies of target dynamic_reconfigure_generate_messages_eus[0m
[  0%] Built target sensor_msgs_generate_messages_lisp
[  0%] Built target sensor_msgs_generate_messages_eus
[  0%] Built target control_msgs_generate_messages_lisp
[  0%] Built target dynamic_reconfigure_generate_messages_eus
[35m[1mScanning dependencies of target geometry_msgs_generate_messages_nodejs[0m
[35m[1mScanning dependencies of target geometry_msgs_generate_messages_py[0m
[35m[1mScanning dependencies of target franka_gripper_generate_messages_cpp[0m
[35m[1mScanning dependencies of target actionlib_msgs_generate_messages_cpp[0m
[  0%] Built target geometry_msgs_generate_messages_nodejs
[  0%] Built target franka_gripper_generate_messages_cpp
[  0%] Built target geometry_msgs_generate_messages_py
[  0%] Built target actionlib_msgs_generate_messages_cpp
[35m[1mScanning dependencies of target trajectory_msgs_generate_messages_py[0m
[35m[1mScanning dependencies of target actionlib_generate_messages_eus[0m
[35m[1mScanning dependencies of target rosgraph_msgs_generate_messages_cpp[0m
[  0%] Built target actionlib_generate_messages_eus
[  0%] Built target trajectory_msgs_generate_messages_py
[35m[1mScanning dependencies of target tf_generate_messages_py[0m
[  0%] Built target rosgraph_msgs_generate_messages_cpp
[35m[1mScanning dependencies of target std_msgs_generate_messages_eus[0m
[35m[1mScanning dependencies of target actionlib_msgs_generate_messages_lisp[0m
[  0%] Built target tf_generate_messages_py
[35m[1mScanning dependencies of target actionlib_msgs_generate_messages_nodejs[0m
[  0%] Built target actionlib_msgs_generate_messages_lisp
[  0%] Built target actionlib_msgs_generate_messages_nodejs
[  0%] Built target std_msgs_generate_messages_eus
[35m[1mScanning dependencies of target actionlib_generate_messages_py[0m
[35m[1mScanning dependencies of target tf_generate_messages_cpp[0m
[35m[1mScanning dependencies of target control_msgs_generate_messages_eus[0m
[35m[1mScanning dependencies of target actionlib_generate_messages_nodejs[0m
[  0%] Built target actionlib_generate_messages_py
[  0%] Built target tf_generate_messages_cpp
[  0%] Built target control_msgs_generate_messages_eus
[  0%] Built target actionlib_generate_messages_nodejs
[35m[1mScanning dependencies of target std_srvs_generate_messages_eus[0m
[35m[1mScanning dependencies of target roscpp_generate_messages_nodejs[0m
[35m[1mScanning dependencies of target franka_example_controllers_gencfg[0m
[35m[1mScanning dependencies of target franka_msgs_generate_messages_cpp[0m
[  0%] Built target std_srvs_generate_messages_eus
[  3%] [34m[1mGenerating dynamic reconfigure files from cfg/compliance_param.cfg: /home/woidi/ws_ur10e_hand/devel/.private/franka_example_controllers/include/franka_example_controllers/compliance_paramConfig.h /home/woidi/ws_ur10e_hand/devel/.private/franka_example_controllers/lib/python3/dist-packages/franka_example_controllers/cfg/compliance_paramConfig.py[0m
[  3%] Built target franka_msgs_generate_messages_cpp
[  3%] Built target roscpp_generate_messages_nodejs
[35m[1mScanning dependencies of target franka_gripper_generate_messages_nodejs[0m
[35m[1mScanning dependencies of target franka_msgs_generate_messages_lisp[0m
[35m[1mScanning dependencies of target franka_msgs_generate_messages_py[0m
[  3%] Built target franka_msgs_generate_messages_lisp
[  3%] Built target franka_gripper_generate_messages_nodejs
[  3%] Built target franka_msgs_generate_messages_py
[35m[1mScanning dependencies of target control_msgs_generate_messages_cpp[0m
[35m[1mScanning dependencies of target franka_gripper_generate_messages_eus[0m
[35m[1mScanning dependencies of target franka_msgs_generate_messages_nodejs[0m
[  3%] Built target control_msgs_generate_messages_cpp
[  3%] Built target franka_gripper_generate_messages_eus
[  3%] Built target franka_msgs_generate_messages_nodejs
[  7%] [34m[1mGenerating dynamic reconfigure files from cfg/desired_mass_param.cfg: /home/woidi/ws_ur10e_hand/devel/.private/franka_example_controllers/include/franka_example_controllers/desired_mass_paramConfig.h /home/woidi/ws_ur10e_hand/devel/.private/franka_example_controllers/lib/python3/dist-packages/franka_example_controllers/cfg/desired_mass_paramConfig.py[0m
[35m[1mScanning dependencies of target franka_example_controllers_generate_messages_cpp[0m
[35m[1mScanning dependencies of target franka_example_controllers_generate_messages_nodejs[0m
[ 11%] [34m[1mGenerating C++ code from franka_example_controllers/JointTorqueComparison.msg[0m
[ 15%] [34m[1mGenerating Javascript code from franka_example_controllers/JointTorqueComparison.msg[0m
Generating reconfiguration files for compliance_param in franka_example_controllers
Wrote header file in /home/woidi/ws_ur10e_hand/devel/.private/franka_example_controllers/include/franka_example_controllers/compliance_paramConfig.h
[ 19%] [34m[1mGenerating dynamic reconfigure files from cfg/dual_arm_compliance_param.cfg: /home/woidi/ws_ur10e_hand/devel/.private/franka_example_controllers/include/franka_example_controllers/dual_arm_compliance_paramConfig.h /home/woidi/ws_ur10e_hand/devel/.private/franka_example_controllers/lib/python3/dist-packages/franka_example_controllers/cfg/dual_arm_compliance_paramConfig.py[0m
Generating reconfiguration files for desired_mass_param in franka_example_controllers
Wrote header file in /home/woidi/ws_ur10e_hand/devel/.private/franka_example_controllers/include/franka_example_controllers/desired_mass_paramConfig.h
[ 19%] Built target franka_example_controllers_generate_messages_nodejs
[ 23%] [34m[1mGenerating dynamic reconfigure files from cfg/teleop_param.cfg: /home/woidi/ws_ur10e_hand/devel/.private/franka_example_controllers/include/franka_example_controllers/teleop_paramConfig.h /home/woidi/ws_ur10e_hand/devel/.private/franka_example_controllers/lib/python3/dist-packages/franka_example_controllers/cfg/teleop_paramConfig.py[0m
[35m[1mScanning dependencies of target franka_example_controllers_generate_messages_eus[0m
[ 26%] [34m[1mGenerating EusLisp code from franka_example_controllers/JointTorqueComparison.msg[0m
Generating reconfiguration files for dual_arm_compliance_param in franka_combined_example_controllers
Wrote header file in /home/woidi/ws_ur10e_hand/devel/.private/franka_example_controllers/include/franka_example_controllers/dual_arm_compliance_paramConfig.h
[ 30%] [34m[1mGenerating dynamic reconfigure files from cfg/teleop_gripper_param.cfg: /home/woidi/ws_ur10e_hand/devel/.private/franka_example_controllers/include/franka_example_controllers/teleop_gripper_paramConfig.h /home/woidi/ws_ur10e_hand/devel/.private/franka_example_controllers/lib/python3/dist-packages/franka_example_controllers/cfg/teleop_gripper_paramConfig.py[0m
[ 30%] Built target franka_example_controllers_generate_messages_cpp
[35m[1mScanning dependencies of target franka_example_controllers_generate_messages_py[0m
Generating reconfiguration files for teleop_param in franka_example_controllers
Wrote header file in /home/woidi/ws_ur10e_hand/devel/.private/franka_example_controllers/include/franka_example_controllers/teleop_paramConfig.h
[ 34%] [34m[1mGenerating Python from MSG franka_example_controllers/JointTorqueComparison[0m
[35m[1mScanning dependencies of target franka_example_controllers_generate_messages_lisp[0m
[ 38%] [34m[1mGenerating Lisp code from franka_example_controllers/JointTorqueComparison.msg[0m
Generating reconfiguration files for teleop_gripper_param in franka_example_controllers
Wrote header file in /home/woidi/ws_ur10e_hand/devel/.private/franka_example_controllers/include/franka_example_controllers/teleop_gripper_paramConfig.h
[ 42%] [34m[1mGenerating EusLisp manifest code for franka_example_controllers[0m
[ 42%] Built target franka_example_controllers_generate_messages_lisp
[35m[1mScanning dependencies of target franka_example_controllers_gencpp[0m
[ 42%] Built target franka_example_controllers_gencpp
[ 46%] [34m[1mGenerating Python msg __init__.py for franka_example_controllers[0m
[ 46%] Built target franka_example_controllers_gencfg
[ 46%] Built target franka_example_controllers_generate_messages_py
[ 46%] Built target franka_example_controllers_generate_messages_eus
[35m[1mScanning dependencies of target franka_example_controllers_generate_messages[0m
[35m[1mScanning dependencies of target franka_example_controllers[0m
[35m[1mScanning dependencies of target teleop_gripper_node[0m
[ 46%] Built target franka_example_controllers_generate_messages
[ 50%] [32mBuilding CXX object CMakeFiles/teleop_gripper_node.dir/src/teleop_gripper_node.cpp.o[0m
[ 53%] [32mBuilding CXX object CMakeFiles/franka_example_controllers.dir/src/cartesian_velocity_example_controller.cpp.o[0m
[ 57%] [32mBuilding CXX object CMakeFiles/franka_example_controllers.dir/src/cartesian_pose_example_controller.cpp.o[0m
[ 61%] [32mBuilding CXX object CMakeFiles/franka_example_controllers.dir/src/elbow_example_controller.cpp.o[0m
[ 65%] [32mBuilding CXX object CMakeFiles/franka_example_controllers.dir/src/joint_position_example_controller.cpp.o[0m
[ 69%] [32mBuilding CXX object CMakeFiles/franka_example_controllers.dir/src/joint_velocity_example_controller.cpp.o[0m
[ 73%] [32mBuilding CXX object CMakeFiles/franka_example_controllers.dir/src/model_example_controller.cpp.o[0m
[ 76%] [32mBuilding CXX object CMakeFiles/franka_example_controllers.dir/src/joint_impedance_example_controller.cpp.o[0m
[ 80%] [32mBuilding CXX object CMakeFiles/franka_example_controllers.dir/src/cartesian_impedance_example_controller.cpp.o[0m
[ 84%] [32mBuilding CXX object CMakeFiles/franka_example_controllers.dir/src/force_example_controller.cpp.o[0m
[ 88%] [32mBuilding CXX object CMakeFiles/franka_example_controllers.dir/src/dual_arm_cartesian_impedance_example_controller.cpp.o[0m
[ 92%] [32mBuilding CXX object CMakeFiles/franka_example_controllers.dir/src/teleop_joint_pd_example_controller.cpp.o[0m
[ 96%] [32m[1mLinking CXX executable /home/woidi/ws_ur10e_hand/devel/.private/franka_example_controllers/lib/franka_example_controllers/teleop_gripper_node[0m
[ 96%] Built target teleop_gripper_node
[100%] [32m[1mLinking CXX shared library /home/woidi/ws_ur10e_hand/devel/.private/franka_example_controllers/lib/libfranka_example_controllers.so[0m
[100%] Built target franka_example_controllers
