Linked: (/home/woidi/ws_ur10e_hand/devel/.private/moveit_ros_perception/lib/libmoveit_depth_image_octomap_updater_core.so.1.1.5, /home/woidi/ws_ur10e_hand/devel/lib/libmoveit_depth_image_octomap_updater_core.so.1.1.5)
Linked: (/home/woidi/ws_ur10e_hand/devel/.private/moveit_ros_perception/lib/libmoveit_mesh_filter.so, /home/woidi/ws_ur10e_hand/devel/lib/libmoveit_mesh_filter.so)
Linked: (/home/woidi/ws_ur10e_hand/devel/.private/moveit_ros_perception/lib/libmoveit_depth_image_octomap_updater.so.1.1.5, /home/woidi/ws_ur10e_hand/devel/lib/libmoveit_depth_image_octomap_updater.so.1.1.5)
Linked: (/home/woidi/ws_ur10e_hand/devel/.private/moveit_ros_perception/lib/libmoveit_depth_image_octomap_updater_core.so, /home/woidi/ws_ur10e_hand/devel/lib/libmoveit_depth_image_octomap_updater_core.so)
Linked: (/home/woidi/ws_ur10e_hand/devel/.private/moveit_ros_perception/lib/libmoveit_lazy_free_space_updater.so, /home/woidi/ws_ur10e_hand/devel/lib/libmoveit_lazy_free_space_updater.so)
Linked: (/home/woidi/ws_ur10e_hand/devel/.private/moveit_ros_perception/lib/libmoveit_point_containment_filter.so.1.1.5, /home/woidi/ws_ur10e_hand/devel/lib/libmoveit_point_containment_filter.so.1.1.5)
Linked: (/home/woidi/ws_ur10e_hand/devel/.private/moveit_ros_perception/lib/libmoveit_depth_image_octomap_updater.so, /home/woidi/ws_ur10e_hand/devel/lib/libmoveit_depth_image_octomap_updater.so)
Linked: (/home/woidi/ws_ur10e_hand/devel/.private/moveit_ros_perception/lib/libmoveit_lazy_free_space_updater.so.1.1.5, /home/woidi/ws_ur10e_hand/devel/lib/libmoveit_lazy_free_space_updater.so.1.1.5)
Linked: (/home/woidi/ws_ur10e_hand/devel/.private/moveit_ros_perception/lib/libmoveit_mesh_filter.so.1.1.5, /home/woidi/ws_ur10e_hand/devel/lib/libmoveit_mesh_filter.so.1.1.5)
Linked: (/home/woidi/ws_ur10e_hand/devel/.private/moveit_ros_perception/lib/libmoveit_semantic_world.so, /home/woidi/ws_ur10e_hand/devel/lib/libmoveit_semantic_world.so)
Linked: (/home/woidi/ws_ur10e_hand/devel/.private/moveit_ros_perception/lib/libmoveit_pointcloud_octomap_updater.so, /home/woidi/ws_ur10e_hand/devel/lib/libmoveit_pointcloud_octomap_updater.so)
Linked: (/home/woidi/ws_ur10e_hand/devel/.private/moveit_ros_perception/lib/libmoveit_pointcloud_octomap_updater_core.so, /home/woidi/ws_ur10e_hand/devel/lib/libmoveit_pointcloud_octomap_updater_core.so)
Linked: (/home/woidi/ws_ur10e_hand/devel/.private/moveit_ros_perception/lib/libmoveit_point_containment_filter.so, /home/woidi/ws_ur10e_hand/devel/lib/libmoveit_point_containment_filter.so)
Linked: (/home/woidi/ws_ur10e_hand/devel/.private/moveit_ros_perception/lib/libmoveit_pointcloud_octomap_updater.so.1.1.5, /home/woidi/ws_ur10e_hand/devel/lib/libmoveit_pointcloud_octomap_updater.so.1.1.5)
Linked: (/home/woidi/ws_ur10e_hand/devel/.private/moveit_ros_perception/lib/libmoveit_pointcloud_octomap_updater_core.so.1.1.5, /home/woidi/ws_ur10e_hand/devel/lib/libmoveit_pointcloud_octomap_updater_core.so.1.1.5)
Linked: (/home/woidi/ws_ur10e_hand/devel/.private/moveit_ros_perception/lib/libmoveit_semantic_world.so.1.1.5, /home/woidi/ws_ur10e_hand/devel/lib/libmoveit_semantic_world.so.1.1.5)
Linked: (/home/woidi/ws_ur10e_hand/devel/.private/moveit_ros_perception/lib/libmoveit_depth_self_filter.so, /home/woidi/ws_ur10e_hand/devel/lib/libmoveit_depth_self_filter.so)
Linked: (/home/woidi/ws_ur10e_hand/devel/.private/moveit_ros_perception/lib/libmoveit_depth_self_filter.so.1.1.5, /home/woidi/ws_ur10e_hand/devel/lib/libmoveit_depth_self_filter.so.1.1.5)
Linked: (/home/woidi/ws_ur10e_hand/devel/.private/moveit_ros_perception/lib/pkgconfig/moveit_ros_perception.pc, /home/woidi/ws_ur10e_hand/devel/lib/pkgconfig/moveit_ros_perception.pc)
Linked: (/home/woidi/ws_ur10e_hand/devel/.private/moveit_ros_perception/share/moveit_ros_perception/cmake/moveit_ros_perceptionConfig.cmake, /home/woidi/ws_ur10e_hand/devel/share/moveit_ros_perception/cmake/moveit_ros_perceptionConfig.cmake)
Linked: (/home/woidi/ws_ur10e_hand/devel/.private/moveit_ros_perception/share/moveit_ros_perception/cmake/moveit_ros_perceptionConfig-version.cmake, /home/woidi/ws_ur10e_hand/devel/share/moveit_ros_perception/cmake/moveit_ros_perceptionConfig-version.cmake)
