Performing C SOURCE FILE Test CMAKE_HAVE_LIBC_PTHREAD failed with the following output:
Change Dir: /home/woidi/ws_ur10e_hand/build/moveit_resources_prbt_support/CMakeFiles/CMakeTmp

Run Build Command(s):/usr/bin/make cmTC_4f62c/fast && /usr/bin/make -f CMakeFiles/cmTC_4f62c.dir/build.make CMakeFiles/cmTC_4f62c.dir/build
make[1]: Verzeichnis „/home/woidi/ws_ur10e_hand/build/moveit_resources_prbt_support/CMakeFiles/CMakeTmp“ wird betreten
Building C object CMakeFiles/cmTC_4f62c.dir/src.c.o
/usr/bin/cc   -DCMAKE_HAVE_LIBC_PTHREAD   -o CMakeFiles/cmTC_4f62c.dir/src.c.o   -c /home/woidi/ws_ur10e_hand/build/moveit_resources_prbt_support/CMakeFiles/CMakeTmp/src.c
Linking C executable cmTC_4f62c
/usr/bin/cmake -E cmake_link_script CMakeFiles/cmTC_4f62c.dir/link.txt --verbose=1
/usr/bin/cc  -DCMAKE_HAVE_LIBC_PTHREAD    -rdynamic CMakeFiles/cmTC_4f62c.dir/src.c.o  -o cmTC_4f62c 
/usr/bin/ld: CMakeFiles/cmTC_4f62c.dir/src.c.o: in function `main':
src.c:(.text+0x46): undefined reference to `pthread_create'
/usr/bin/ld: src.c:(.text+0x52): undefined reference to `pthread_detach'
/usr/bin/ld: src.c:(.text+0x63): undefined reference to `pthread_join'
collect2: error: ld returned 1 exit status
make[1]: *** [CMakeFiles/cmTC_4f62c.dir/build.make:87: cmTC_4f62c] Fehler 1
make[1]: Verzeichnis „/home/woidi/ws_ur10e_hand/build/moveit_resources_prbt_support/CMakeFiles/CMakeTmp“ wird verlassen
make: *** [Makefile:121: cmTC_4f62c/fast] Fehler 2


Source file was:
#include <pthread.h>

void* test_func(void* data)
{
  return data;
}

int main(void)
{
  pthread_t thread;
  pthread_create(&thread, NULL, test_func, NULL);
  pthread_detach(thread);
  pthread_join(thread, NULL);
  pthread_atfork(NULL, NULL, NULL);
  pthread_exit(NULL);

  return 0;
}

Determining if the function pthread_create exists in the pthreads failed with the following output:
Change Dir: /home/woidi/ws_ur10e_hand/build/moveit_resources_prbt_support/CMakeFiles/CMakeTmp

Run Build Command(s):/usr/bin/make cmTC_feebf/fast && /usr/bin/make -f CMakeFiles/cmTC_feebf.dir/build.make CMakeFiles/cmTC_feebf.dir/build
make[1]: Verzeichnis „/home/woidi/ws_ur10e_hand/build/moveit_resources_prbt_support/CMakeFiles/CMakeTmp“ wird betreten
Building C object CMakeFiles/cmTC_feebf.dir/CheckFunctionExists.c.o
/usr/bin/cc   -DCHECK_FUNCTION_EXISTS=pthread_create   -o CMakeFiles/cmTC_feebf.dir/CheckFunctionExists.c.o   -c /usr/share/cmake-3.16/Modules/CheckFunctionExists.c
Linking C executable cmTC_feebf
/usr/bin/cmake -E cmake_link_script CMakeFiles/cmTC_feebf.dir/link.txt --verbose=1
/usr/bin/cc  -DCHECK_FUNCTION_EXISTS=pthread_create    -rdynamic CMakeFiles/cmTC_feebf.dir/CheckFunctionExists.c.o  -o cmTC_feebf  -lpthreads 
/usr/bin/ld: -lpthreads kann nicht gefunden werden
collect2: error: ld returned 1 exit status
make[1]: *** [CMakeFiles/cmTC_feebf.dir/build.make:87: cmTC_feebf] Fehler 1
make[1]: Verzeichnis „/home/woidi/ws_ur10e_hand/build/moveit_resources_prbt_support/CMakeFiles/CMakeTmp“ wird verlassen
make: *** [Makefile:121: cmTC_feebf/fast] Fehler 2



